<?xml version="1.0" encoding="UTF-8"?>
<!-- Generated by org.testng.reporters.JUnitXMLReporter -->
<testsuite hostname="MSI-L1584" name="Areaofcompliance" tests="3" failures="0" timestamp="7 Oct 2016 12:10:32 GMT" time="66.743" errors="0">
  <testcase name="dologin" time="0.006" classname="com.selenium.core.hybrid.testcases.Areaofcompliance">
    <skipped/>
  </testcase> <!-- dologin -->
  <testcase name="dologin" time="66.393" classname="com.selenium.core.hybrid.testcases.Areaofcompliance"/>
  <testcase name="dologin" time="0.001" classname="com.selenium.core.hybrid.testcases.Areaofcompliance">
    <skipped/>
  </testcase> <!-- dologin -->
</testsuite> <!-- Areaofcompliance -->
