<?xml version="1.0" encoding="UTF-8"?>
<!-- Generated by org.testng.reporters.JUnitXMLReporter -->
<testsuite hostname="MSI-L1584" name="gmail" tests="3" failures="0" timestamp="6 Oct 2016 14:15:47 GMT" time="17.154" errors="0">
  <testcase name="dologin" time="16.599" classname="com.selenium.core.hybrid.testcases.gmail"/>
  <testcase name="dologin" time="0.001" classname="com.selenium.core.hybrid.testcases.gmail">
    <skipped/>
  </testcase> <!-- dologin -->
  <testcase name="dologin" time="0.001" classname="com.selenium.core.hybrid.testcases.gmail">
    <skipped/>
  </testcase> <!-- dologin -->
</testsuite> <!-- gmail -->
