<?xml version="1.0" encoding="UTF-8"?>
<!-- Generated by org.testng.reporters.JUnitXMLReporter -->
<testsuite hostname="MSI-L1584" name="Gmail Login" tests="3" failures="0" timestamp="26 Sep 2016 18:15:31 GMT" time="15.555" errors="0">
  <testcase name="dologin" time="15.314" classname="com.selenium.core.hybrid.testcases.gmail"/>
  <testcase name="dologin" time="0.001" classname="com.selenium.core.hybrid.testcases.gmail">
    <skipped/>
  </testcase> <!-- dologin -->
  <testcase name="dologin" time="0.001" classname="com.selenium.core.hybrid.testcases.gmail">
    <skipped/>
  </testcase> <!-- dologin -->
</testsuite> <!-- Gmail Login -->
