<?xml version="1.0" encoding="UTF-8"?>
<!-- Generated by org.testng.reporters.JUnitXMLReporter -->
<testsuite hostname="MSI-L1584" name="LoginTest" tests="3" failures="0" timestamp="6 Oct 2016 20:28:11 GMT" time="14.616" errors="0">
  <testcase name="dologin" time="14.34" classname="com.selenium.core.hybrid.testcases.LoginTest"/>
  <testcase name="dologin" time="0.001" classname="com.selenium.core.hybrid.testcases.LoginTest">
    <skipped/>
  </testcase> <!-- dologin -->
  <testcase name="dologin" time="0.001" classname="com.selenium.core.hybrid.testcases.LoginTest">
    <skipped/>
  </testcase> <!-- dologin -->
</testsuite> <!-- LoginTest -->
